[TRACE] 11:37:25:373 CLIENTE/(2281:2281): logger inizializado
[TRACE] 11:37:25:373 CLIENTE/(2281:2281): config inizializado
[TRACE] 11:37:45:906 CLIENTE/(2302:2302): logger inizializado
[TRACE] 11:37:45:907 CLIENTE/(2302:2302): config inizializado
[TRACE] 11:39:00:841 CLIENTE/(2410:2410): logger inizializado
[TRACE] 11:39:01:821 CLIENTE/(2410:2410): config inizializado
[DEBUG] 11:39:05:728 CLIENTE/(2410:2410): ip: 127.0.0.1
[DEBUG] 11:39:06:589 CLIENTE/(2410:2410): puerto: 4444
[TRACE] 12:05:28:264 CLIENTE/(2667:2667): logger inizializado
[TRACE] 12:05:28:264 CLIENTE/(2667:2667): config inizializado
[DEBUG] 12:05:28:264 CLIENTE/(2667:2667): ip: 127.0.0.1
[DEBUG] 12:05:28:264 CLIENTE/(2667:2667): puerto: 4444
[INFO] 12:05:28:264 CLIENTE/(2667:2667): Se ha realizado la conexion con exito
[TRACE] 12:08:35:547 CLIENTE/(2799:2799): logger inizializado
[TRACE] 12:08:35:548 CLIENTE/(2799:2799): config inizializado
[DEBUG] 12:08:35:548 CLIENTE/(2799:2799): ip: 127.0.0.1
[DEBUG] 12:08:35:548 CLIENTE/(2799:2799): puerto: 4444
[INFO] 12:08:35:548 CLIENTE/(2799:2799): Se ha realizado la conexion con exito
[DEBUG] 12:22:01:034 CLIENTE/(2944:2944): 14, Valentin
[TRACE] 12:22:01:035 CLIENTE/(2944:2944): logger inizializado
[TRACE] 12:22:01:035 CLIENTE/(2944:2944): config inizializado
[DEBUG] 12:22:01:035 CLIENTE/(2944:2944): ip: 127.0.0.1
[DEBUG] 12:22:01:035 CLIENTE/(2944:2944): puerto: 4444
[INFO] 12:22:01:035 CLIENTE/(2944:2944): no se ha podido establecer una conexion con el servidor
[TRACE] 22:16:37:783 CLIENTE/(6691:6691): logger inizializado
[TRACE] 22:16:37:784 CLIENTE/(6691:6691): config inizializado
[DEBUG] 22:16:37:784 CLIENTE/(6691:6691): ip: 127.0.0.1
[DEBUG] 22:16:37:784 CLIENTE/(6691:6691): puerto: 4444
[INFO] 22:16:37:784 CLIENTE/(6691:6691): Se ha realizado la conexion con exito
[DEBUG] 22:16:37:784 CLIENTE/(6691:6691): 14, Valentin
[TRACE] 22:19:51:024 CLIENTE/(6891:6891): logger inizializado
[TRACE] 22:19:51:024 CLIENTE/(6891:6891): config inizializado
[DEBUG] 22:19:51:024 CLIENTE/(6891:6891): ip: 127.0.0.1
[DEBUG] 22:19:51:024 CLIENTE/(6891:6891): puerto: 4444
[INFO] 22:19:51:024 CLIENTE/(6891:6891): Se ha realizado la conexion con exito
[DEBUG] 22:19:51:024 CLIENTE/(6891:6891): 14, Valentin
[TRACE] 22:22:52:010 CLIENTE/(7005:7005): logger inizializado
[TRACE] 22:22:52:011 CLIENTE/(7005:7005): config inizializado
[DEBUG] 22:22:52:011 CLIENTE/(7005:7005): ip: 127.0.0.1
[DEBUG] 22:22:52:011 CLIENTE/(7005:7005): puerto: 4444
[INFO] 22:36:10:999 CLIENTE/(7005:7005): Se ha realizado la conexion con exito
[DEBUG] 22:36:30:525 CLIENTE/(7005:7005): 14, Valentin
[TRACE] 22:41:59:954 CLIENTE/(7412:7412): logger inizializado
[TRACE] 22:41:59:954 CLIENTE/(7412:7412): config inizializado
[DEBUG] 22:41:59:954 CLIENTE/(7412:7412): ip: 127.0.0.1
[DEBUG] 22:41:59:954 CLIENTE/(7412:7412): puerto: 4444
[INFO] 22:42:02:563 CLIENTE/(7412:7412): Se ha realizado la conexion con exito
[DEBUG] 22:42:03:740 CLIENTE/(7412:7412): 14, Valentin
[TRACE] 22:45:52:220 CLIENTE/(7534:7534): logger inizializado
[TRACE] 22:45:52:220 CLIENTE/(7534:7534): config inizializado
[DEBUG] 22:45:52:220 CLIENTE/(7534:7534): ip: 127.0.0.1
[DEBUG] 22:45:52:220 CLIENTE/(7534:7534): puerto: 4444
[INFO] 22:45:52:856 CLIENTE/(7534:7534): Se ha realizado la conexion con exito
[DEBUG] 22:45:54:406 CLIENTE/(7534:7534): 14, Valentin
[TRACE] 22:53:20:275 CLIENTE/(7794:7794): logger inizializado
[TRACE] 22:53:20:275 CLIENTE/(7794:7794): config inizializado
[DEBUG] 22:53:20:275 CLIENTE/(7794:7794): ip: 127.0.0.1
[DEBUG] 22:53:20:275 CLIENTE/(7794:7794): puerto: 4444
[INFO] 22:53:20:276 CLIENTE/(7794:7794): Se ha realizado la conexion con exito
[DEBUG] 22:53:20:276 CLIENTE/(7794:7794): 14, Valentin
[TRACE] 22:56:09:163 CLIENTE/(8004:8004): logger inizializado
[TRACE] 22:56:09:163 CLIENTE/(8004:8004): config inizializado
[DEBUG] 22:56:09:163 CLIENTE/(8004:8004): ip: 127.0.0.1
[DEBUG] 22:56:09:163 CLIENTE/(8004:8004): puerto: 4444
[INFO] 22:56:09:164 CLIENTE/(8004:8004): Se ha realizado la conexion con exito
[DEBUG] 22:56:09:164 CLIENTE/(8004:8004): 14, Valentin
[TRACE] 22:59:40:672 CLIENTE/(8225:8225): logger inizializado
[TRACE] 22:59:40:672 CLIENTE/(8225:8225): config inizializado
[DEBUG] 22:59:40:672 CLIENTE/(8225:8225): ip: 127.0.0.1
[DEBUG] 22:59:40:672 CLIENTE/(8225:8225): puerto: 4444
[INFO] 22:59:41:695 CLIENTE/(8225:8225): Se ha realizado la conexion con exito
[DEBUG] 22:59:42:355 CLIENTE/(8225:8225): 14, Valentin
[TRACE] 23:00:40:539 CLIENTE/(8311:8311): logger inizializado
[TRACE] 23:00:40:539 CLIENTE/(8311:8311): config inizializado
[DEBUG] 23:00:40:539 CLIENTE/(8311:8311): ip: 127.0.0.1
[DEBUG] 23:00:40:539 CLIENTE/(8311:8311): puerto: 4444
[INFO] 23:00:42:114 CLIENTE/(8311:8311): Se ha realizado la conexion con exito
[DEBUG] 23:00:46:733 CLIENTE/(8311:8311): 14, Valentin
[TRACE] 23:04:02:497 CLIENTE/(8415:8415): logger inizializado
[TRACE] 23:04:02:498 CLIENTE/(8415:8415): config inizializado
[DEBUG] 23:04:02:498 CLIENTE/(8415:8415): ip: 127.0.0.1
[DEBUG] 23:04:02:498 CLIENTE/(8415:8415): puerto: 4444
[INFO] 23:04:02:498 CLIENTE/(8415:8415): no se ha podido establecer una conexion con el servidor
[TRACE] 23:04:25:141 CLIENTE/(8437:8437): logger inizializado
[TRACE] 23:04:25:144 CLIENTE/(8437:8437): config inizializado
[DEBUG] 23:04:25:145 CLIENTE/(8437:8437): ip: 127.0.0.1
[DEBUG] 23:04:25:145 CLIENTE/(8437:8437): puerto: 4444
[INFO] 23:04:25:145 CLIENTE/(8437:8437): no se ha podido establecer una conexion con el servidor
[TRACE] 23:05:21:100 CLIENTE/(8604:8604): logger inizializado
[TRACE] 23:05:21:100 CLIENTE/(8604:8604): config inizializado
[DEBUG] 23:05:21:100 CLIENTE/(8604:8604): ip: 127.0.0.1
[DEBUG] 23:05:21:100 CLIENTE/(8604:8604): puerto: 4444
[INFO] 23:05:21:100 CLIENTE/(8604:8604): Se ha realizado la conexion con exito
[DEBUG] 23:05:21:100 CLIENTE/(8604:8604): 14, Valentin
[TRACE] 23:06:59:700 CLIENTE/(8707:8707): logger inizializado
[TRACE] 23:06:59:700 CLIENTE/(8707:8707): config inizializado
[DEBUG] 23:06:59:701 CLIENTE/(8707:8707): ip: 127.0.0.1
[DEBUG] 23:06:59:701 CLIENTE/(8707:8707): puerto: 4444
[INFO] 23:06:59:701 CLIENTE/(8707:8707): Se ha realizado la conexion con exito
[DEBUG] 23:06:59:701 CLIENTE/(8707:8707): 14, Valentin
[TRACE] 23:09:51:876 CLIENTE/(8814:8814): logger inizializado
[TRACE] 23:09:51:876 CLIENTE/(8814:8814): config inizializado
[DEBUG] 23:09:51:876 CLIENTE/(8814:8814): ip: 127.0.0.1
[DEBUG] 23:09:51:876 CLIENTE/(8814:8814): puerto: 4444
[INFO] 23:09:51:876 CLIENTE/(8814:8814): Se ha realizado la conexion con exito
[DEBUG] 23:09:51:876 CLIENTE/(8814:8814): 14, Valentin
[TRACE] 23:17:57:213 CLIENTE/(9049:9049): logger inizializado
[TRACE] 23:17:57:213 CLIENTE/(9049:9049): config inizializado
[DEBUG] 23:17:57:213 CLIENTE/(9049:9049): ip: 127.0.0.1
[DEBUG] 23:17:57:213 CLIENTE/(9049:9049): puerto: 4444
[INFO] 23:17:57:214 CLIENTE/(9049:9049): Se ha realizado la conexion con exito
[DEBUG] 23:17:57:214 CLIENTE/(9049:9049): 14, Valentin
[TRACE] 23:24:21:589 CLIENTE/(9294:9294): logger inizializado
[TRACE] 23:24:21:589 CLIENTE/(9294:9294): config inizializado
[DEBUG] 23:24:21:589 CLIENTE/(9294:9294): ip: 127.0.0.1
[DEBUG] 23:24:21:589 CLIENTE/(9294:9294): puerto: 4444
[INFO] 23:24:21:589 CLIENTE/(9294:9294): Se ha realizado la conexion con exito
[DEBUG] 23:24:21:589 CLIENTE/(9294:9294): 14, Valentin
[TRACE] 23:25:29:749 CLIENTE/(9356:9356): logger inizializado
[TRACE] 23:25:29:749 CLIENTE/(9356:9356): config inizializado
[DEBUG] 23:25:29:749 CLIENTE/(9356:9356): ip: 127.0.0.1
[DEBUG] 23:25:29:749 CLIENTE/(9356:9356): puerto: 4444
[INFO] 23:25:29:750 CLIENTE/(9356:9356): Se ha realizado la conexion con exito
[DEBUG] 23:25:29:750 CLIENTE/(9356:9356): 14, Valentin
[TRACE] 23:28:09:662 CLIENTE/(9738:9738): logger inizializado
[TRACE] 23:28:09:662 CLIENTE/(9738:9738): config inizializado
[DEBUG] 23:28:09:662 CLIENTE/(9738:9738): ip: 127.0.0.1
[DEBUG] 23:28:09:662 CLIENTE/(9738:9738): puerto: 4444
[INFO] 23:28:09:663 CLIENTE/(9738:9738): Se ha realizado la conexion con exito
[DEBUG] 23:28:09:663 CLIENTE/(9738:9738): 14, Valentin
[TRACE] 23:37:19:304 CLIENTE/(10616:10616): logger inizializado
[TRACE] 23:37:19:304 CLIENTE/(10616:10616): config inizializado
[DEBUG] 23:37:19:304 CLIENTE/(10616:10616): ip: 127.0.0.1
[DEBUG] 23:37:19:304 CLIENTE/(10616:10616): puerto: 4444
[INFO] 23:37:19:305 CLIENTE/(10616:10616): Se ha realizado la conexion con exito
[DEBUG] 23:37:19:305 CLIENTE/(10616:10616): 14, Valentin
[TRACE] 23:39:44:135 CLIENTE/(10776:10776): logger inizializado
[TRACE] 23:39:44:135 CLIENTE/(10776:10776): config inizializado
[DEBUG] 23:39:44:135 CLIENTE/(10776:10776): ip: 127.0.0.1
[DEBUG] 23:39:44:135 CLIENTE/(10776:10776): puerto: 4444
[INFO] 23:39:44:136 CLIENTE/(10776:10776): Se ha realizado la conexion con exito
[DEBUG] 23:39:44:136 CLIENTE/(10776:10776): 14, Valentin
[TRACE] 23:41:19:295 CLIENTE/(10886:10886): logger inizializado
[TRACE] 23:41:19:295 CLIENTE/(10886:10886): config inizializado
[DEBUG] 23:41:19:295 CLIENTE/(10886:10886): ip: 127.0.0.1
[DEBUG] 23:41:19:295 CLIENTE/(10886:10886): puerto: 4444
[INFO] 23:41:19:296 CLIENTE/(10886:10886): Se ha realizado la conexion con exito
[DEBUG] 23:41:19:296 CLIENTE/(10886:10886): 14, Valentin
[TRACE] 23:42:26:591 CLIENTE/(10965:10965): logger inizializado
[TRACE] 23:42:26:591 CLIENTE/(10965:10965): config inizializado
[DEBUG] 23:42:26:591 CLIENTE/(10965:10965): ip: 127.0.0.1
[DEBUG] 23:42:26:591 CLIENTE/(10965:10965): puerto: 4444
[INFO] 23:42:26:592 CLIENTE/(10965:10965): Se ha realizado la conexion con exito
[DEBUG] 23:42:26:592 CLIENTE/(10965:10965): 14, Valentin
[TRACE] 23:43:40:871 CLIENTE/(11043:11043): logger inizializado
[TRACE] 23:43:40:871 CLIENTE/(11043:11043): config inizializado
[DEBUG] 23:43:40:871 CLIENTE/(11043:11043): ip: 127.0.0.1
[DEBUG] 23:43:40:871 CLIENTE/(11043:11043): puerto: 4444
[INFO] 23:43:40:872 CLIENTE/(11043:11043): Se ha realizado la conexion con exito
[DEBUG] 23:43:40:872 CLIENTE/(11043:11043): 14, Valentin
[TRACE] 01:09:44:956 CLIENTE/(14928:14928): logger inizializado
[TRACE] 01:09:44:958 CLIENTE/(14928:14928): config inizializado
[DEBUG] 01:09:44:958 CLIENTE/(14928:14928): ip: 127.0.0.1
[DEBUG] 01:09:44:958 CLIENTE/(14928:14928): puerto: 4444
[INFO] 01:09:44:959 CLIENTE/(14928:14928): Se ha realizado la conexion con exito
[DEBUG] 01:09:44:959 CLIENTE/(14928:14928): 14, Valentin
[TRACE] 01:38:36:901 CLIENTE/(16891:16891): logger inizializado
[TRACE] 01:38:36:902 CLIENTE/(16891:16891): config inizializado
[DEBUG] 01:38:36:902 CLIENTE/(16891:16891): ip: 127.0.0.1
[DEBUG] 01:38:36:902 CLIENTE/(16891:16891): puerto: 4444
[INFO] 01:38:36:902 CLIENTE/(16891:16891): Se ha realizado la conexion con exito
[DEBUG] 01:38:36:902 CLIENTE/(16891:16891): 14, Valentin
[TRACE] 01:41:16:829 CLIENTE/(17438:17438): logger inizializado
[TRACE] 01:41:16:829 CLIENTE/(17438:17438): config inizializado
[DEBUG] 01:41:16:829 CLIENTE/(17438:17438): ip: 127.0.0.1
[DEBUG] 01:41:16:829 CLIENTE/(17438:17438): puerto: 4444
[TRACE] 01:41:59:325 CLIENTE/(17474:17474): logger inizializado
[TRACE] 01:41:59:325 CLIENTE/(17474:17474): config inizializado
[DEBUG] 01:41:59:325 CLIENTE/(17474:17474): ip: 127.0.0.1
[DEBUG] 01:41:59:325 CLIENTE/(17474:17474): puerto: 4444
[INFO] 01:41:59:325 CLIENTE/(17474:17474): Se ha realizado la conexion con exito
[DEBUG] 01:41:59:325 CLIENTE/(17474:17474): 14, Valentin
[TRACE] 20:56:20:372 CLIENTE/(17579:17579): logger inizializado
[TRACE] 20:56:20:372 CLIENTE/(17579:17579): config inizializado
[DEBUG] 20:56:20:372 CLIENTE/(17579:17579): ip: 127.0.0.1
[DEBUG] 20:56:20:372 CLIENTE/(17579:17579): puerto: 4444
[INFO] 20:56:20:372 CLIENTE/(17579:17579): Se ha realizado la conexion con exito
[DEBUG] 20:56:20:372 CLIENTE/(17579:17579): 21, Valentin
[TRACE] 20:56:29:434 CLIENTE/(17581:17581): logger inizializado
[TRACE] 20:56:29:434 CLIENTE/(17581:17581): config inizializado
[DEBUG] 20:56:29:434 CLIENTE/(17581:17581): ip: 127.0.0.1
[DEBUG] 20:56:29:434 CLIENTE/(17581:17581): puerto: 4444
[INFO] 20:56:29:435 CLIENTE/(17581:17581): Se ha realizado la conexion con exito
[DEBUG] 20:56:29:435 CLIENTE/(17581:17581): 21, Valentin
[TRACE] 23:24:58:197 CLIENTE/(20073:20073): logger inizializado
[TRACE] 23:24:58:198 CLIENTE/(20073:20073): config inizializado
[DEBUG] 23:24:58:198 CLIENTE/(20073:20073): ip: 127.0.0.1
[DEBUG] 23:24:58:198 CLIENTE/(20073:20073): puerto: 4444
[INFO] 23:24:58:198 CLIENTE/(20073:20073): no se ha podido establecer una conexion con el servidor
[TRACE] 23:26:01:589 CLIENTE/(20128:20128): logger inizializado
[TRACE] 23:26:01:589 CLIENTE/(20128:20128): config inizializado
[DEBUG] 23:26:01:589 CLIENTE/(20128:20128): ip: 127.0.0.1
[DEBUG] 23:26:01:589 CLIENTE/(20128:20128): puerto: 4444
[INFO] 23:26:01:589 CLIENTE/(20128:20128): Se ha realizado la conexion con exito
[DEBUG] 23:26:01:589 CLIENTE/(20128:20128): 21, Valentin
[TRACE] 23:28:35:965 CLIENTE/(20396:20396): logger inizializado
[TRACE] 23:28:35:965 CLIENTE/(20396:20396): config inizializado
[DEBUG] 23:28:35:965 CLIENTE/(20396:20396): ip: 127.0.0.1
[DEBUG] 23:28:35:965 CLIENTE/(20396:20396): puerto: 4444
[INFO] 23:28:35:965 CLIENTE/(20396:20396): Se ha realizado la conexion con exito
[DEBUG] 23:28:35:965 CLIENTE/(20396:20396): 21, Valentin
[TRACE] 23:35:30:997 CLIENTE/(20821:20821): logger inizializado
[TRACE] 23:35:30:997 CLIENTE/(20821:20821): config inizializado
[DEBUG] 23:35:30:997 CLIENTE/(20821:20821): ip: 127.0.0.1
[DEBUG] 23:35:30:997 CLIENTE/(20821:20821): puerto: 4444
[INFO] 23:35:30:997 CLIENTE/(20821:20821): Se ha realizado la conexion con exito
[DEBUG] 23:35:30:997 CLIENTE/(20821:20821): 21, Valentin
[TRACE] 23:43:17:779 CLIENTE/(21306:21306): logger inizializado
[TRACE] 23:43:17:780 CLIENTE/(21306:21306): config inizializado
[DEBUG] 23:43:17:780 CLIENTE/(21306:21306): ip: 127.0.0.1
[DEBUG] 23:43:17:780 CLIENTE/(21306:21306): puerto: 4444
[INFO] 23:43:17:780 CLIENTE/(21306:21306): no se ha podido establecer una conexion con el servidor
[TRACE] 23:43:20:595 CLIENTE/(21308:21308): logger inizializado
[TRACE] 23:43:20:596 CLIENTE/(21308:21308): config inizializado
[DEBUG] 23:43:20:596 CLIENTE/(21308:21308): ip: 127.0.0.1
[DEBUG] 23:43:20:596 CLIENTE/(21308:21308): puerto: 4444
[INFO] 23:43:20:596 CLIENTE/(21308:21308): Se ha realizado la conexion con exito
[DEBUG] 23:43:20:596 CLIENTE/(21308:21308): 21, Valentin
[TRACE] 23:44:05:531 CLIENTE/(21461:21461): logger inizializado
[TRACE] 23:44:05:531 CLIENTE/(21461:21461): config inizializado
[DEBUG] 23:44:05:531 CLIENTE/(21461:21461): ip: 127.0.0.1
[DEBUG] 23:44:05:531 CLIENTE/(21461:21461): puerto: 4444
[INFO] 23:44:05:532 CLIENTE/(21461:21461): Se ha realizado la conexion con exito
[DEBUG] 23:44:05:532 CLIENTE/(21461:21461): 21, Valentin
[TRACE] 01:28:23:377 CLIENTE/(25238:25238): logger inizializado
[TRACE] 01:28:23:378 CLIENTE/(25238:25238): config inizializado
[DEBUG] 01:28:23:378 CLIENTE/(25238:25238): ip: 127.0.0.1
[DEBUG] 01:28:23:378 CLIENTE/(25238:25238): puerto: 4444
[INFO] 01:28:23:378 CLIENTE/(25238:25238): no se ha podido establecer una conexion con el servidor
[TRACE] 01:29:04:945 CLIENTE/(25317:25317): logger inizializado
[TRACE] 01:29:04:945 CLIENTE/(25317:25317): config inizializado
[DEBUG] 01:29:04:945 CLIENTE/(25317:25317): ip: 127.0.0.1
[DEBUG] 01:29:04:945 CLIENTE/(25317:25317): puerto: 4444
[INFO] 01:29:04:945 CLIENTE/(25317:25317): no se ha podido establecer una conexion con el servidor
[TRACE] 01:34:44:216 CLIENTE/(25731:25731): logger inizializado
[TRACE] 01:34:44:217 CLIENTE/(25731:25731): config inizializado
[DEBUG] 01:34:44:217 CLIENTE/(25731:25731): ip: 127.0.0.1
[DEBUG] 01:34:44:217 CLIENTE/(25731:25731): puerto: 4444
[INFO] 01:34:44:217 CLIENTE/(25731:25731): Se ha realizado la conexion con exito
[DEBUG] 01:34:44:217 CLIENTE/(25731:25731): 21, Valentin
[TRACE] 23:00:27:096 CLIENTE/(8889:8889): logger inizializado
[TRACE] 23:00:27:099 CLIENTE/(8889:8889): config inizializado
[DEBUG] 23:00:27:099 CLIENTE/(8889:8889): ip: 127.0.0.1
[DEBUG] 23:00:27:099 CLIENTE/(8889:8889): puerto: 4444
[INFO] 23:00:27:099 CLIENTE/(8889:8889): Se ha realizado la conexion con exito
[DEBUG] 23:00:27:099 CLIENTE/(8889:8889): 21, Valentin
[TRACE] 23:04:47:185 CLIENTE/(9938:9938): logger inizializado
[TRACE] 23:04:47:186 CLIENTE/(9938:9938): config inizializado
[DEBUG] 23:04:47:186 CLIENTE/(9938:9938): ip: 127.0.0.1
[DEBUG] 23:04:47:186 CLIENTE/(9938:9938): puerto: 4444
[INFO] 23:04:47:186 CLIENTE/(9938:9938): Se ha realizado la conexion con exito
[DEBUG] 23:04:50:967 CLIENTE/(9938:9938): 21, Hola
[TRACE] 23:07:34:378 CLIENTE/(10290:10290): logger inizializado
[TRACE] 23:07:34:379 CLIENTE/(10290:10290): config inizializado
[DEBUG] 23:07:34:379 CLIENTE/(10290:10290): ip: 127.0.0.1
[DEBUG] 23:07:34:379 CLIENTE/(10290:10290): puerto: 4444
[INFO] 23:07:34:379 CLIENTE/(10290:10290): Se ha realizado la conexion con exito
[DEBUG] 23:07:43:733 CLIENTE/(10290:10290): 21, Este es el mensaje.
[TRACE] 23:50:09:337 CLIENTE/(1614:1614): logger inizializado
[TRACE] 23:50:09:340 CLIENTE/(1614:1614): config inizializado
[DEBUG] 23:50:09:340 CLIENTE/(1614:1614): ip: 127.0.0.1
[DEBUG] 23:50:09:340 CLIENTE/(1614:1614): puerto: 4444
[INFO] 23:50:09:342 CLIENTE/(1614:1614): Se ha realizado la conexion con exito
[DEBUG] 23:50:21:550 CLIENTE/(1614:1614): 21, Hola123456789
[TRACE] 23:57:13:532 CLIENTE/(2061:2061): logger inizializado
[TRACE] 23:57:13:532 CLIENTE/(2061:2061): config inizializado
[DEBUG] 23:57:13:532 CLIENTE/(2061:2061): ip: 127.0.0.1
[DEBUG] 23:57:13:532 CLIENTE/(2061:2061): puerto: 4444
[INFO] 23:57:13:532 CLIENTE/(2061:2061): no se ha podido establecer una conexion con el servidor
[TRACE] 23:57:19:999 CLIENTE/(2063:2063): logger inizializado
[TRACE] 23:57:19:999 CLIENTE/(2063:2063): config inizializado
[DEBUG] 23:57:19:999 CLIENTE/(2063:2063): ip: 127.0.0.1
[DEBUG] 23:57:19:999 CLIENTE/(2063:2063): puerto: 4444
[INFO] 23:57:19:999 CLIENTE/(2063:2063): Se ha realizado la conexion con exito
[DEBUG] 23:57:29:130 CLIENTE/(2063:2063): 23, hola mensaje 123456789
[TRACE] 23:57:38:136 CLIENTE/(2065:2065): logger inizializado
[TRACE] 23:57:38:136 CLIENTE/(2065:2065): config inizializado
[DEBUG] 23:57:38:136 CLIENTE/(2065:2065): ip: 127.0.0.1
[DEBUG] 23:57:38:136 CLIENTE/(2065:2065): puerto: 4444
[INFO] 23:57:38:136 CLIENTE/(2065:2065): Se ha realizado la conexion con exito
[DEBUG] 23:58:09:558 CLIENTE/(2065:2065): 150, hola estoy escribiendo un mensaje super re largo, en teoria deberia poder recibir todos y cada uno de los caracteres que estoy escrbiendo. Un saludo!
[TRACE] 23:59:58:141 CLIENTE/(2126:2126): logger inizializado
[TRACE] 23:59:58:141 CLIENTE/(2126:2126): config inizializado
[DEBUG] 23:59:58:141 CLIENTE/(2126:2126): ip: 127.0.0.1
[DEBUG] 23:59:58:142 CLIENTE/(2126:2126): puerto: 4444
[INFO] 23:59:58:142 CLIENTE/(2126:2126): Se ha realizado la conexion con exito
[DEBUG] 00:00:18:999 CLIENTE/(2126:2126): 150, Hola estoy escribiendo un mensaje super re largo, en teoria deberia poder recibir todos y cada uno de los caracteres que estoy escrbiendo. Un saludo!
[TRACE] 01:21:28:962 CLIENTE/(1861:1861): logger inizializado
[TRACE] 01:21:28:964 CLIENTE/(1861:1861): config inizializado
[DEBUG] 01:21:28:964 CLIENTE/(1861:1861): ip: 127.0.0.1
[DEBUG] 01:21:28:964 CLIENTE/(1861:1861): puerto: 4444
[INFO] 01:21:28:964 CLIENTE/(1861:1861): Se ha realizado la conexion con exito
[DEBUG] 01:21:51:025 CLIENTE/(1861:1861): 42, Hola etoy practicando a ver que onda esto
[TRACE] 11:38:38:352 CLIENTE/(2057:2057): logger inizializado
[TRACE] 11:38:38:354 CLIENTE/(2057:2057): config inizializado
[DEBUG] 11:38:38:354 CLIENTE/(2057:2057): ip: 127.0.0.1
[DEBUG] 11:38:38:354 CLIENTE/(2057:2057): puerto: 4444
[INFO] 11:38:38:354 CLIENTE/(2057:2057): no se ha podido establecer una conexion con el servidor
[TRACE] 13:58:19:628 CLIENTE/(6850:6850): logger inizializado
[TRACE] 13:58:19:628 CLIENTE/(6850:6850): config inizializado
[DEBUG] 13:58:19:628 CLIENTE/(6850:6850): ip: 127.0.0.1
[DEBUG] 13:58:19:628 CLIENTE/(6850:6850): puerto: 4444
[INFO] 13:58:19:628 CLIENTE/(6850:6850): Se ha realizado la conexion con exito
[DEBUG] 13:58:21:923 CLIENTE/(6850:6850): 5, HOla
[TRACE] 14:01:04:698 CLIENTE/(7057:7057): logger inizializado
[TRACE] 14:01:04:699 CLIENTE/(7057:7057): config inizializado
[DEBUG] 14:01:04:699 CLIENTE/(7057:7057): ip: 127.0.0.1
[DEBUG] 14:01:04:699 CLIENTE/(7057:7057): puerto: 4444
[INFO] 14:01:05:721 CLIENTE/(7057:7057): Se ha realizado la conexion con exito
[DEBUG] 14:02:11:496 CLIENTE/(7057:7057): 24, Hola mensaje 1234567890
